Build started 27. 8. 2011 0:16:59.
     1>Project "c:\Users\Minko\documents\visual studio 2010\Projects\Calculator\Calculator\Calculator.vcxproj" on node 2 (build target(s)).
     1>InitializeBuildStatus:
         Creating "Release\Calculator.unsuccessfulbuild" because "AlwaysCreate" was specified.
       ClCompile:
         C:\Program Files (x86)\Microsoft Visual Studio 10.0\VC\bin\CL.exe /c /Zi /nologo /W3 /WX- /O2 /Oi /Oy- /GL /D WIN32 /D NDEBUG /D _CONSOLE /D _UNICODE /D UNICODE /Gm- /EHsc /MD /GS /Gy /fp:precise /Zc:wchar_t /Zc:forScope /Fo"Release\\" /Fd"Release\vc100.pdb" /Gd /TP /analyze- /errorReport:prompt calculator.cpp
         calculator.cpp
       Link:
         C:\Program Files (x86)\Microsoft Visual Studio 10.0\VC\bin\link.exe /ERRORREPORT:PROMPT /OUT:"c:\users\minko\documents\visual studio 2010\Projects\Calculator\Release\Calculator.exe" /INCREMENTAL:NO /NOLOGO kernel32.lib user32.lib gdi32.lib winspool.lib comdlg32.lib advapi32.lib shell32.lib ole32.lib oleaut32.lib uuid.lib odbc32.lib odbccp32.lib /MANIFEST /ManifestFile:"Release\Calculator.exe.intermediate.manifest" /MANIFESTUAC:"level='asInvoker' uiAccess='false'" /DEBUG /PDB:"c:\users\minko\documents\visual studio 2010\Projects\Calculator\Release\Calculator.pdb" /SUBSYSTEM:CONSOLE /OPT:REF /OPT:ICF /LTCG /TLBID:1 /DYNAMICBASE /NXCOMPAT /IMPLIB:"c:\users\minko\documents\visual studio 2010\Projects\Calculator\Release\Calculator.lib" /MACHINE:X86 Release\calculator.obj
         Generating code
         Finished generating code
         Calculator.vcxproj -> c:\users\minko\documents\visual studio 2010\Projects\Calculator\Release\Calculator.exe
       Manifest:
         C:\Program Files (x86)\Microsoft SDKs\Windows\v7.0A\bin\mt.exe /nologo /verbose /outputresource:"c:\users\minko\documents\visual studio 2010\Projects\Calculator\Release\Calculator.exe;#1" /manifest Release\Calculator.exe.intermediate.manifest
       FinalizeBuildStatus:
         Deleting file "Release\Calculator.unsuccessfulbuild".
         Touching "Release\Calculator.lastbuildstate".
     1>Done Building Project "c:\Users\Minko\documents\visual studio 2010\Projects\Calculator\Calculator\Calculator.vcxproj" (build target(s)).

Build succeeded.

Time Elapsed 00:00:00.87
